\BOOKMARK [0][-]{chapter*.5}{\376\377\000T\000h\000e\000\040\000D\000e\000s\000i\000g\000n\000\040\000o\000f\000\040\000T\000u\000f\000t\000e\000'\000s\000\040\000B\000o\000o\000k\000s}{}
\BOOKMARK [1][-]{section*.6}{\376\377\000T\000y\000p\000e\000f\000a\000c\000e\000s}{chapter*.5}
\BOOKMARK [1][-]{section*.7}{\376\377\000H\000e\000a\000d\000i\000n\000g\000s}{chapter*.5}
\BOOKMARK [1][-]{section*.9}{\376\377\000E\000n\000v\000i\000r\000o\000n\000m\000e\000n\000t\000s}{chapter*.5}
\BOOKMARK [0][-]{chapter*.10}{\376\377\000O\000n\000\040\000t\000h\000e\000\040\000U\000s\000e\000\040\000o\000f\000\040\000t\000h\000e\000\040\000t\000u\000f\000t\000e\000-\000b\000o\000o\000k\000\040\000D\000o\000c\000u\000m\000e\000n\000t\000\040\000C\000l\000a\000s\000s}{}
\BOOKMARK [1][-]{section*.11}{\376\377\000P\000a\000g\000e\000\040\000L\000a\000y\000o\000u\000t}{chapter*.10}
\BOOKMARK [1][-]{section*.13}{\376\377\000S\000i\000d\000e\000n\000o\000t\000e\000s}{chapter*.10}
\BOOKMARK [1][-]{section*.14}{\376\377\000R\000e\000f\000e\000r\000e\000n\000c\000e\000s}{chapter*.10}
\BOOKMARK [1][-]{section*.15}{\376\377\000F\000i\000g\000u\000r\000e\000s\000\040\000a\000n\000d\000\040\000T\000a\000b\000l\000e\000s}{chapter*.10}
\BOOKMARK [1][-]{section*.16}{\376\377\000C\000a\000p\000t\000i\000o\000n\000s}{chapter*.10}
\BOOKMARK [1][-]{section*.19}{\376\377\000F\000u\000l\000l\000-\000w\000i\000d\000t\000h\000\040\000t\000e\000x\000t\000\040\000b\000l\000o\000c\000k\000s}{chapter*.10}
\BOOKMARK [1][-]{section*.20}{\376\377\000T\000y\000p\000o\000g\000r\000a\000p\000h\000y}{chapter*.10}
\BOOKMARK [1][-]{section*.23}{\376\377\000D\000o\000c\000u\000m\000e\000n\000t\000\040\000C\000l\000a\000s\000s\000\040\000O\000p\000t\000i\000o\000n\000s}{chapter*.10}
\BOOKMARK [0][-]{chapter*.24}{\376\377\000C\000u\000s\000t\000o\000m\000i\000z\000i\000n\000g\000\040\000T\000u\000f\000t\000e\000-\000L\000a\000T\000e\000X}{}
\BOOKMARK [1][-]{section*.25}{\376\377\000F\000i\000l\000e\000\040\000H\000o\000o\000k\000s}{chapter*.24}
\BOOKMARK [1][-]{section*.26}{\376\377\000N\000u\000m\000b\000e\000r\000e\000d\000\040\000S\000e\000c\000t\000i\000o\000n\000\040\000H\000e\000a\000d\000i\000n\000g\000s}{chapter*.24}
\BOOKMARK [1][-]{section*.27}{\376\377\000C\000h\000a\000n\000g\000i\000n\000g\000\040\000t\000h\000e\000\040\000P\000a\000p\000e\000r\000\040\000S\000i\000z\000e}{chapter*.24}
\BOOKMARK [1][-]{section*.28}{\376\377\000C\000u\000s\000t\000o\000m\000i\000z\000i\000n\000g\000\040\000M\000a\000r\000g\000i\000n\000a\000l\000\040\000M\000a\000t\000e\000r\000i\000a\000l}{chapter*.24}
\BOOKMARK [0][-]{chapter*.29}{\376\377\000C\000o\000m\000p\000a\000t\000i\000b\000i\000l\000i\000t\000y\000\040\000I\000s\000s\000u\000e\000s}{}
\BOOKMARK [1][-]{section*.30}{\376\377\000C\000o\000n\000v\000e\000r\000t\000i\000n\000g\000\040\000f\000r\000o\000m\000\040\000a\000r\000t\000i\000c\000l\000e\000\040\000t\000o\000\040\000t\000u\000f\000t\000e\000-\000h\000a\000n\000d\000o\000u\000t}{chapter*.29}
\BOOKMARK [1][-]{section*.31}{\376\377\000C\000o\000n\000v\000e\000r\000t\000i\000n\000g\000\040\000f\000r\000o\000m\000\040\000b\000o\000o\000k\000\040\000t\000o\000\040\000t\000u\000f\000t\000e\000-\000b\000o\000o\000k}{chapter*.29}
\BOOKMARK [0][-]{chapter*.32}{\376\377\000T\000r\000o\000u\000b\000l\000e\000s\000h\000o\000o\000t\000i\000n\000g\000\040\000a\000n\000d\000\040\000S\000u\000p\000p\000o\000r\000t}{}
\BOOKMARK [1][-]{section*.33}{\376\377\000T\000u\000f\000t\000e\000-\000L\000a\000T\000e\000X\000\040\000W\000e\000b\000s\000i\000t\000e}{chapter*.32}
\BOOKMARK [1][-]{section*.34}{\376\377\000T\000u\000f\000t\000e\000-\000L\000a\000T\000e\000X\000\040\000M\000a\000i\000l\000i\000n\000g\000\040\000L\000i\000s\000t\000s}{chapter*.32}
\BOOKMARK [1][-]{section*.37}{\376\377\000G\000e\000t\000t\000i\000n\000g\000\040\000H\000e\000l\000p}{chapter*.32}
\BOOKMARK [1][-]{section*.38}{\376\377\000E\000r\000r\000o\000r\000s\000,\000\040\000W\000a\000r\000n\000i\000n\000g\000s\000,\000\040\000a\000n\000d\000\040\000I\000n\000f\000o\000r\000m\000a\000t\000i\000o\000n\000a\000l\000\040\000M\000e\000s\000s\000a\000g\000e\000s}{chapter*.32}
\BOOKMARK [1][-]{section*.39}{\376\377\000P\000a\000c\000k\000a\000g\000e\000\040\000D\000e\000p\000e\000n\000d\000e\000n\000c\000i\000e\000s}{chapter*.32}
\BOOKMARK [0][-]{chapter*.40}{\376\377\000B\000i\000b\000l\000i\000o\000g\000r\000a\000p\000h\000y}{}
\BOOKMARK [0][-]{chapter*.41}{\376\377\000I\000n\000d\000e\000x}{}
